<?xml version="1.0" encoding="UTF-8"?>
<!-- Generated by org.testng.reporters.JUnitReportReporter -->
<testsuite skipped="0" hostname="DESKTOP-VAL9S0L" name="com.app.objectRepository.launchBrowserTest" tests="1" failures="0" timestamp="26 Dec 2018 06:47:53 GMT" time="0.000" errors="0">
  <testcase name="test" time="0.000" classname="com.app.objectRepository.launchBrowserTest"/>
</testsuite> <!-- com.app.objectRepository.launchBrowserTest -->
