<?xml version="1.0" encoding="UTF-8"?>
<!-- Generated by org.testng.reporters.JUnitReportReporter -->
<testsuite skipped="0" hostname="DESKTOP-VAL9S0L" name="com.app.objectRepository.launchBrowser" tests="1" failures="0" timestamp="26 Dec 2018 05:36:10 GMT" time="0.017" errors="0">
  <testcase name="test" time="0.017" classname="com.app.objectRepository.launchBrowser"/>
</testsuite> <!-- com.app.objectRepository.launchBrowser -->
