<?xml version="1.0" encoding="UTF-8"?>
<!-- Generated by org.testng.reporters.JUnitReportReporter -->
<testsuite skipped="0" hostname="DESKTOP-VAL9S0L" name="com.app.testRunner.TestRunner" tests="1" failures="0" timestamp="31 Dec 2018 11:11:26 GMT" time="0.020" errors="0">
  <testcase name="feature" time="0.020" classname="com.app.testRunner.TestRunner"/>
</testsuite> <!-- com.app.testRunner.TestRunner -->
